

times in msec
 clock   self+sourced   self:  sourced script
 clock   elapsed:              other lines

000.000  000.000: --- VIM STARTING ---
000.000  000.000: Allocated generic buffers
000.000  000.000: locale set
000.000  000.000: window checked
003.000  003.000: inits 1
003.000  000.000: parsing arguments
003.000  000.000: expanding arguments
003.000  000.000: shell init
004.000  001.000: Termcap init
004.000  000.000: inits 2
004.000  000.000: init highlight
007.000  000.000  000.000: sourcing /home/cblazek/.vim/autoload/pathogen.vim
030.003  001.001  001.001: sourcing /usr/share/vim/vim73/syntax/syncolor.vim
031.003  005.001  004.000: sourcing /usr/share/vim/vim73/syntax/synload.vim
058.005  000.000  000.000: sourcing /home/cblazek/.vim/bundle/vim-coffee-script/ftdetect/coffee.vim
058.005  000.000  000.000: sourcing /home/cblazek/.vim/bundle/vim-coffee-script/ftdetect/eco.vim
060.006  001.001  001.001: sourcing /home/cblazek/.vim/bundle/vim-haml/ftdetect/haml.vim
061.006  001.000  001.000: sourcing /home/cblazek/.vim/bundle/vim-markdown/ftdetect/markdown.vim
062.006  028.003  026.002: sourcing /usr/share/vim/vim73/filetype.vim
062.006  039.004  006.000: sourcing /usr/share/vim/vim73/syntax/syntax.vim
069.006  000.000  000.000: sourcing /usr/share/vim/vim73/syntax/syncolor.vim
073.007  000.000  000.000: sourcing /usr/share/vim/vim73/syntax/syncolor.vim
078.007  001.000  001.000: sourcing /usr/share/vim/vim73/syntax/syncolor.vim
079.007  013.001  012.001: sourcing /usr/share/vim/vim73/colors/desert.vim
082.008  000.000  000.000: sourcing /usr/share/vim/vim73/compiler/ruby.vim
086.008  000.000  000.000: sourcing /usr/share/vim/vim73/filetype.vim
091.009  001.000  001.000: sourcing /usr/share/vim/vim73/filetype.vim
095.009  001.000  001.000: sourcing /usr/share/vim/vim73/indent.vim
098.009  000.000  000.000: sourcing /usr/share/vim/vim73/filetype.vim
102.010  000.000  000.000: sourcing /usr/share/vim/vim73/ftplugin.vim
106.010  000.000  000.000: sourcing /usr/share/vim/vim73/filetype.vim
110.011  000.000  000.000: sourcing /usr/share/vim/vim73/ftplugin.vim
113.011  000.000  000.000: sourcing /usr/share/vim/vim73/indent.vim
116.011  001.000  001.000: sourcing /home/cblazek/.vim/custom/settings.vim
116.011  110.011  055.006: sourcing $HOME/.vimrc
116.011  002.000: sourcing vimrc file(s)
117.011  000.000  000.000: sourcing /home/cblazek/.vim/bundle/gist-vim/plugin/gist.vim
119.011  001.000  001.000: sourcing /home/cblazek/.vim/bundle/Git-Branch-Info/plugin/git-branch-info.vim
122.012  001.000  001.000: sourcing /home/cblazek/.vim/bundle/ctrlp.vim/autoload/ctrlp/mrufiles.vim
122.012  002.000  001.000: sourcing /home/cblazek/.vim/bundle/ctrlp.vim/plugin/ctrlp.vim
124.012  001.000  001.000: sourcing /home/cblazek/.vim/bundle/git-vim/plugin/git.vim
126.012  001.000  001.000: sourcing /home/cblazek/.vim/bundle/grunt.vim/plugin/grunt.vim
131.013  002.001  002.001: sourcing /home/cblazek/.vim/bundle/nerdtree/autoload/nerdtree.vim
135.013  001.000  001.000: sourcing /home/cblazek/.vim/bundle/nerdtree/lib/nerdtree/path.vim
137.013  000.000  000.000: sourcing /home/cblazek/.vim/bundle/nerdtree/lib/nerdtree/menu_controller.vim
139.013  000.000  000.000: sourcing /home/cblazek/.vim/bundle/nerdtree/lib/nerdtree/menu_item.vim
141.014  001.000  001.000: sourcing /home/cblazek/.vim/bundle/nerdtree/lib/nerdtree/key_map.vim
143.014  001.000  001.000: sourcing /home/cblazek/.vim/bundle/nerdtree/lib/nerdtree/bookmark.vim
145.014  001.000  001.000: sourcing /home/cblazek/.vim/bundle/nerdtree/lib/nerdtree/tree_file_node.vim
147.014  001.000  001.000: sourcing /home/cblazek/.vim/bundle/nerdtree/lib/nerdtree/tree_dir_node.vim
149.014  001.000  001.000: sourcing /home/cblazek/.vim/bundle/nerdtree/lib/nerdtree/opener.vim
151.015  001.000  001.000: sourcing /home/cblazek/.vim/bundle/nerdtree/lib/nerdtree/creator.vim
172.017  001.000  001.000: sourcing /home/cblazek/.vim/bundle/nerdtree/nerdtree_plugin/exec_menuitem.vim
173.017  001.000  001.000: sourcing /home/cblazek/.vim/bundle/nerdtree/nerdtree_plugin/fs_menu.vim
177.017  050.005  039.004: sourcing /home/cblazek/.vim/bundle/nerdtree/plugin/NERD_tree.vim
182.018  004.001  004.001: sourcing /home/cblazek/.vim/bundle/snipmate.vim/plugin/snipMate.vim
184.018  001.000  001.000: sourcing /home/cblazek/.vim/bundle/tabular/plugin/Tabular.vim
185.018  000.000  000.000: sourcing /home/cblazek/.vim/bundle/vim-ag/plugin/ag.vim
187.018  001.000  001.000: sourcing /home/cblazek/.vim/bundle/vim-blazek/plugin/blazek.vim
191.019  003.001  003.001: sourcing /home/cblazek/.vim/bundle/vim-buffer-explorer-plugin/plugin/bufexplorer.vim
197.019  005.000  005.000: sourcing /home/cblazek/.vim/bundle/vim-bundler/plugin/bundler.vim
198.019  000.000  000.000: sourcing /home/cblazek/.vim/bundle/vim-characterize/plugin/characterize.vim
208.020  008.000  008.000: sourcing /home/cblazek/.vim/bundle/vim-gitgutter/plugin/gitgutter.vim
210.021  001.001  001.001: sourcing /home/cblazek/.vim/bundle/vim-pastie/plugin/pastie.vim
215.021  000.000  000.000: sourcing /usr/share/vim/vim73/plugin/getscriptPlugin.vim
216.021  001.000  001.000: sourcing /usr/share/vim/vim73/plugin/gzip.vim
216.021  000.000  000.000: sourcing /usr/share/vim/vim73/plugin/matchparen.vim
218.021  001.000  001.000: sourcing /usr/share/vim/vim73/plugin/netrwPlugin.vim
218.021  000.000  000.000: sourcing /usr/share/vim/vim73/plugin/rrhelper.vim
219.021  000.000  000.000: sourcing /usr/share/vim/vim73/plugin/spellfile.vim
220.022  001.001  001.001: sourcing /usr/share/vim/vim73/plugin/tarPlugin.vim
220.022  000.000  000.000: sourcing /usr/share/vim/vim73/plugin/tohtml.vim
221.022  000.000  000.000: sourcing /usr/share/vim/vim73/plugin/vimballPlugin.vim
222.022  000.000  000.000: sourcing /usr/share/vim/vim73/plugin/zipPlugin.vim
225.022  002.000  002.000: sourcing /home/cblazek/.vim/bundle/snipmate.vim/after/plugin/snipMate.vim
229.022  001.000  001.000: sourcing /home/cblazek/.vim/bundle/tabular/autoload/tabular.vim
232.023  006.001  005.001: sourcing /home/cblazek/.vim/bundle/tabular/after/plugin/TabularMaps.vim
232.023  027.002: loading plugins
232.023  000.000: inits 3
234.023  002.000: reading viminfo
234.023  000.000: setting raw mode
234.023  000.000: start termcap
234.023  000.000: clearing screen
244.024  010.001: opening buffers
246.024  002.000: BufEnter autocommands
246.024  000.000: editing files in windows
298.029  001.000  001.000: sourcing /home/cblazek/.vim/bundle/nerdtree/syntax/nerdtree.vim
4894.489  000.000  000.000: sourcing /home/cblazek/.vim/bundle/nerdtree/syntax/nerdtree.vim
4939.493  4692.469: VimEnter autocommands
4939.493  000.000: before starting main loop
7196.719  2258.226: first screen update
7196.719  000.000: --- VIM STARTED ---
